------TEST RESULTS------
 -- Load Averages --
  1min 5min 15min 
  1. 1.18, 1.95, 0.96 
  2. 4.99, 3.01, 1.40 
  3. 5.55, 3.71, 1.78 
  4. 5.33, 3.95, 2.01 
  5. 6.87, 4.71, 2.43 
  -- CPU Usage (% idle) -- 
  1. 97.7 id 
  2. 6.8 id 
  3. 22.7 id 
  4. 19.6 id 
  5. 12.8 id 
  -- Memory Usage -- 
  1. MiB Mem : 7820.7 total, 6990.8 free, 308.9 used, 621.8 buff/cache 
  2. MiB Mem : 7820.7 total, 6700.4 free, 597.7 used, 623.5 buff/cache 
  3. MiB Mem : 7820.7 total, 6702.2 free, 594.1 used, 625.3 buff/cache 
  4. MiB Mem : 7820.7 total, 6696.7 free, 602.0 used, 623.0 buff/cache 
  5. MiB Mem : 7820.7 total, 6701.0 free, 595.9 used, 624.8 buff/cache
  -- Swap Usage -- 
  1. MiB Swap: 2048.0 total, 2048.0 free, 0.0 used. 7511.8 avail Mem 
  2. MiB Swap: 2048.0 total, 2048.0 free, 0.0 used. 7223.0 avail Mem 
  3. MiB Swap: 2048.0 total, 2048.0 free, 0.0 used. 7226.7 avail Mem 
  4. MiB Swap: 2048.0 total, 2048.0 free, 0.0 used. 7218.7 avail Mem 
  5. MiB Swap: 2048.0 total, 2048.0 free, 0.0 used. 7224.8 avail Mem 
  -- Disk Usage -- 
  1. /dev/mmcblk0p2 114G 4.6G 105G 5% / 
  2. /dev/mmcblk0p2 114G 4.6G 105G 5% / 
  3. /dev/mmcblk0p2 114G 4.6G 105G 5% / 
  4. /dev/mmcblk0p2 114G 4.6G 105G 5% / 
  5. /dev/mmcblk0p2 114G 4.6G 105G 5% / 
  -- Disk I/O Speeds -- 
  --Write-- 
  1. 4.93165 s, 27.2 MB/s 
  2. 11.0753 s, 12.1 MB/s 
  3. 7.111 s, 18.9 MB/s 
  4. 10.0727 s, 13.3 MB/s 
  5. 9.45094 s, 14.2 MB/s 
  --Read-- 
  1. 0.137923 s, 973 MB/s 
  2. 0.128608 s, 1.0 GB/s 
  3. 0.119068 s, 1.1 GB/s 
  4. 0.130528 s, 1.0 GB/s 
  5. 0.139909 s, 959 MB/s 
  -- Network Interfaces -- 
  Iface MTU RX-OK RX-ERR RX-DRP RX-OVR TX-OK TX-ERR TX-DRP TX-OV 
  1. wlan0 1500 93118 0 10 0 46731 0 0 0 BMRU 
  2. wlan0 1500 93408 0 10 0 46952 0 0 0 BMRU 
  3. wlan0 1500 93674 0 10 0 47166 0 0 0 BMRU 
  4. wlan0 1500 94144 0 10 0 47568 0 0 0 BMRU 
  5. wlan0 1500 94428 0 10 0 47779 0 0 0 BMRU 
  -- Temperature -- 
  1. temp=59.4'C 
  2. temp=72.0'C 
  3. temp=64.2'C 
  4. temp=75.4'C 
  5. temp=76.9'C 
  -- Throttled Status -- 
  1. throttled=0x0 
  2. throttled=0x0 
  3. throttled=0x0 
  4. throttled=0x0 
  5. throttled=0x0

